{"numTotalTestSuites":407,"numPassedTestSuites":407,"numFailedTestSuites":0,"numPendingTestSuites":0,"numTotalTests":2900,"numPassedTests":2889,"numFailedTests":0,"numPendingTests":11,"numTodoTests":0,"snapshot":{"added":0,"failure":false,"filesAdded":0,"filesRemoved":0,"filesRemovedList":[],"filesUnmatched":0,"filesUpdated":0,"matched":2,"total":2,"unchecked":0,"uncheckedKeysByFile":[],"unmatched":0,"updated":0,"didUpdate":false},"startTime":1777179418623,"success":true,"testResults":[{"assertionResults":[{"ancestorTitles":["checkbox-operations"],"fullName":"checkbox-operations checks a task in source file","status":"passed","title":"checks a task in source file","duration":14.842399999999998,"failureMessages":[],"meta":{}},{"ancestorTitles":["checkbox-operations"],"fullName":"checkbox-operations normalizes for-current metadata to the first item when current value is stale","status":"passed","title":"normalizes for-current metadata to the first item when current value is stale","duration":12.756099999999947,"failureMessages":[],"meta":{}},{"ancestorTitles":["checkbox-operations"],"fullName":"checkbox-operations resets checked loop children before advancing to the next item","status":"passed","title":"resets checked loop children before advancing to the next item","duration":10.5702,"failureMessages":[],"meta":{}},{"ancestorTitles":["checkbox-operations"],"fullName":"checkbox-operations does not reset checked tasks outside the active loop subtree","status":"passed","title":"does not reset checked tasks outside the active loop subtree","duration":8.112299999999891,"failureMessages":[],"meta":{}},{"ancestorTitles":["checkbox-operations"],"fullName":"checkbox-operations does not mutate fenced checkboxes while advancing loop cursor","status":"passed","title":"does not mutate fenced checkboxes while advancing loop cursor","duration":7.6047000000000935,"failureMessages":[],"meta":{}},{"ancestorTitles":["checkbox-operations"],"fullName":"checkbox-operations writes fix annotation after marking task checked","status":"passed","title":"writes fix annotation after marking task checked","duration":1.500699999999938,"failureMessages":[],"meta":{}},{"ancestorTitles":["checkbox-operations"],"fullName":"checkbox-operations applies markChecked before insertSubitems so task line references stay stable","status":"passed","title":"applies markChecked before insertSubitems so task line references stay stable","duration":5.190400000000068,"failureMessages":[],"meta":{}},{"ancestorTitles":["checkbox-operations"],"fullName":"checkbox-operations writes fallback fix annotation when failure reason is null","status":"passed","title":"writes fallback fix annotation when failure reason is null","duration":1.7486000000000104,"failureMessages":[],"meta":{}},{"ancestorTitles":["checkbox-operations"],"fullName":"checkbox-operations preserves CRLF when writing fix annotation","status":"passed","title":"preserves CRLF when writing fix annotation","duration":1.2188999999999623,"failureMessages":[],"meta":{}},{"ancestorTitles":["checkbox-operations"],"fullName":"checkbox-operations preserves multi-line reasons as multiple indented fix sub-items","status":"passed","title":"preserves multi-line reasons as multiple indented fix sub-items","duration":1.3695999999999913,"failureMessages":[],"meta":{}},{"ancestorTitles":["checkbox-operations"],"fullName":"checkbox-operations indents fix annotation for top-level tasks","status":"passed","title":"indents fix annotation for top-level tasks","duration":1.0561999999999898,"failureMessages":[],"meta":{}},{"ancestorTitles":["checkbox-operations"],"fullName":"checkbox-operations indents fix annotation for 2-space nested tasks","status":"passed","title":"indents fix annotation for 2-space nested tasks","duration":4.213499999999954,"failureMessages":[],"meta":{}},{"ancestorTitles":["checkbox-operations"],"fullName":"checkbox-operations indents fix annotation for 4-space nested tasks","status":"passed","title":"indents fix annotation for 4-space nested tasks","duration":1.8287000000000262,"failureMessages":[],"meta":{}},{"ancestorTitles":["checkbox-operations"],"fullName":"checkbox-operations still inserts fix annotation when task is already checked","status":"passed","title":"still inserts fix annotation when task is already checked","duration":2.201000000000022,"failureMessages":[],"meta":{}},{"ancestorTitles":["checkbox-operations"],"fullName":"checkbox-operations stacks fix annotations by inserting newest entry directly under the task","status":"passed","title":"stacks fix annotations by inserting newest entry directly under the task","duration":1.3047000000000253,"failureMessages":[],"meta":{}},{"ancestorTitles":["checkbox-operations"],"fullName":"checkbox-operations serializes re-entrant checkbox updates on the same file without losing writes","status":"passed","title":"serializes re-entrant checkbox updates on the same file without losing writes","duration":1.840599999999995,"failureMessages":[],"meta":{}},{"ancestorTitles":["checkbox-operations"],"fullName":"checkbox-operations does not block re-entrant updates across different files","status":"passed","title":"does not block re-entrant updates across different files","duration":1.6138999999999442,"failureMessages":[],"meta":{}},{"ancestorTitles":["checkbox-operations"],"fullName":"checkbox-operations drains queued same-file updates and clears idle queue state after an in-flight failure","status":"passed","title":"drains queued same-file updates and clears idle queue state after an in-flight failure","duration":6.084299999999985,"failureMessages":[],"meta":{}},{"ancestorTitles":["checkbox-operations"],"fullName":"checkbox-operations releases same-file mutex when read throws","status":"passed","title":"releases same-file mutex when read throws","duration":1.0451999999999089,"failureMessages":[],"meta":{}},{"ancestorTitles":["checkbox-operations"],"fullName":"checkbox-operations releases same-file mutex when parse throws","status":"passed","title":"releases same-file mutex when parse throws","duration":2.6929000000000087,"failureMessages":[],"meta":{}},{"ancestorTitles":["checkbox-operations"],"fullName":"checkbox-operations releases same-file mutex when write throws","status":"passed","title":"releases same-file mutex when write throws","duration":1.3904999999999745,"failureMessages":[],"meta":{}},{"ancestorTitles":["checkbox-operations"],"fullName":"checkbox-operations counts checked tasks","status":"passed","title":"counts checked tasks","duration":1.1761999999999944,"failureMessages":[],"meta":{}},{"ancestorTitles":["checkbox-operations"],"fullName":"checkbox-operations resets checked tasks when present","status":"passed","title":"resets checked tasks when present","duration":3.280200000000036,"failureMessages":[],"meta":{}},{"ancestorTitles":["checkbox-operations"],"fullName":"checkbox-operations keeps file unchanged when no checked tasks exist","status":"passed","title":"keeps file unchanged when no checked tasks exist","duration":2.250599999999963,"failureMessages":[],"meta":{}},{"ancestorTitles":["checkbox-operations"],"fullName":"checkbox-operations avoids unnecessary file rewrite for already-clean input during reset","status":"passed","title":"avoids unnecessary file rewrite for already-clean input during reset","duration":1.4745000000000346,"failureMessages":[],"meta":{}},{"ancestorTitles":["checkbox-operations"],"fullName":"checkbox-operations reports dry-run reset count without mutating file","status":"passed","title":"reports dry-run reset count without mutating file","duration":5.22059999999999,"failureMessages":[],"meta":{}},{"ancestorTitles":["checkbox-operations"],"fullName":"checkbox-operations reports dry-run stale runtime cleanup intent when reset would remove annotations","status":"passed","title":"reports dry-run stale runtime cleanup intent when reset would remove annotations","duration":7.51640000000009,"failureMessages":[],"meta":{}},{"ancestorTitles":["checkbox-operations"],"fullName":"checkbox-operations keeps dry-run reporting checkbox-centric when no checked tasks exist","status":"passed","title":"keeps dry-run reporting checkbox-centric when no checked tasks exist","duration":2.4125999999999976,"failureMessages":[],"meta":{}},{"ancestorTitles":["checkbox-operations"],"fullName":"checkbox-operations resets checkboxes and emits count in normal mode","status":"passed","title":"resets checkboxes and emits count in normal mode","duration":5.523400000000038,"failureMessages":[],"meta":{}},{"ancestorTitles":["checkbox-operations"],"fullName":"checkbox-operations ignores checkboxes inside fenced code blocks","status":"passed","title":"ignores checkboxes inside fenced code blocks","duration":0.6417999999999893,"failureMessages":[],"meta":{}},{"ancestorTitles":["checkbox-operations"],"fullName":"checkbox-operations ignores checkboxes inside tilde fenced code blocks","status":"passed","title":"ignores checkboxes inside tilde fenced code blocks","duration":0.23649999999997817,"failureMessages":[],"meta":{}},{"ancestorTitles":["checkbox-operations"],"fullName":"checkbox-operations marks remaining siblings as checked and inserts skipped annotations","status":"passed","title":"marks remaining siblings as checked and inserts skipped annotations","duration":1.4180999999999813,"failureMessages":[],"meta":{}},{"ancestorTitles":["checkbox-operations"],"fullName":"checkbox-operations inserts trace statistics after existing descendant block","status":"passed","title":"inserts trace statistics after existing descendant block","duration":4.338799999999992,"failureMessages":[],"meta":{}},{"ancestorTitles":["checkbox-operations"],"fullName":"checkbox-operations skips reinsertion when task already has trace statistics","status":"passed","title":"skips reinsertion when task already has trace statistics","duration":1.6237999999999602,"failureMessages":[],"meta":{}},{"ancestorTitles":["checkbox-operations"],"fullName":"checkbox-operations removes prior trace statistics during checkbox reset","status":"passed","title":"removes prior trace statistics during checkbox reset","duration":4.267900000000054,"failureMessages":[],"meta":{}},{"ancestorTitles":["checkbox-operations"],"fullName":"checkbox-operations removes fix and skipped runtime annotations during checkbox reset","status":"passed","title":"removes fix and skipped runtime annotations during checkbox reset","duration":3.596400000000017,"failureMessages":[],"meta":{}},{"ancestorTitles":["checkbox-operations"],"fullName":"checkbox-operations removes get-result metadata annotations during checkbox reset","status":"passed","title":"removes get-result metadata annotations during checkbox reset","duration":3.146199999999908,"failureMessages":[],"meta":{}},{"ancestorTitles":["checkbox-operations"],"fullName":"checkbox-operations removes question answer metadata annotations during checkbox reset","status":"passed","title":"removes question answer metadata annotations during checkbox reset","duration":5.410600000000045,"failureMessages":[],"meta":{}},{"ancestorTitles":["checkbox-operations"],"fullName":"checkbox-operations removes for-item and for-current metadata annotations during checkbox reset","status":"passed","title":"removes for-item and for-current metadata annotations during checkbox reset","duration":3.711999999999989,"failureMessages":[],"meta":{}},{"ancestorTitles":["checkbox-operations"],"fullName":"checkbox-operations removes duplicate get-result and for-item metadata entries during reset","status":"passed","title":"removes duplicate get-result and for-item metadata entries during reset","duration":6.185200000000009,"failureMessages":[],"meta":{}},{"ancestorTitles":["checkbox-operations"],"fullName":"checkbox-operations removes empty get-result and for-item metadata values during checkbox reset","status":"passed","title":"removes empty get-result and for-item metadata values during checkbox reset","duration":3.823600000000056,"failureMessages":[],"meta":{}},{"ancestorTitles":["checkbox-operations"],"fullName":"checkbox-operations keeps get-result/for-item metadata as non-executable sub-items during sibling skipping","status":"passed","title":"keeps get-result/for-item metadata as non-executable sub-items during sibling skipping","duration":1.361099999999965,"failureMessages":[],"meta":{}},{"ancestorTitles":["checkbox-operations"],"fullName":"checkbox-operations removes mixed trace statistics, fix, and skipped annotations under one parent","status":"passed","title":"removes mixed trace statistics, fix, and skipped annotations under one parent","duration":6.302099999999996,"failureMessages":[],"meta":{}},{"ancestorTitles":["checkbox-operations"],"fullName":"checkbox-operations retains user-authored child notes and TODOs while removing mixed runtime annotations","status":"passed","title":"retains user-authored child notes and TODOs while removing mixed runtime annotations","duration":7.284099999999967,"failureMessages":[],"meta":{}},{"ancestorTitles":["checkbox-operations"],"fullName":"checkbox-operations treats checkbox-prefixed stale labels as stale during reset","status":"passed","title":"treats checkbox-prefixed stale labels as stale during reset","duration":7.286799999999971,"failureMessages":[],"meta":{}},{"ancestorTitles":["checkbox-operations"],"fullName":"checkbox-operations removes nested stale descendants under stale parents while preserving unrelated siblings","status":"passed","title":"removes nested stale descendants under stale parents while preserving unrelated siblings","duration":7.218200000000024,"failureMessages":[],"meta":{}},{"ancestorTitles":["checkbox-operations"],"fullName":"checkbox-operations cleans nested task trees across multiple branches while preserving actionable structure","status":"passed","title":"cleans nested task trees across multiple branches while preserving actionable structure","duration":16.67730000000006,"failureMessages":[],"meta":{}},{"ancestorTitles":["checkbox-operations"],"fullName":"checkbox-operations is idempotent across repeated reset passes","status":"passed","title":"is idempotent across repeated reset passes","duration":5.078899999999976,"failureMessages":[],"meta":{}},{"ancestorTitles":["checkbox-operations"],"fullName":"checkbox-operations marks a single remaining sibling as checked and inserts skipped annotation","status":"passed","title":"marks a single remaining sibling as checked and inserts skipped annotation","duration":1.6422999999999774,"failureMessages":[],"meta":{}},{"ancestorTitles":["checkbox-operations"],"fullName":"checkbox-operations cascades skip checks and annotations to unchecked descendants","status":"passed","title":"cascades skip checks and annotations to unchecked descendants","duration":1.4635000000000673,"failureMessages":[],"meta":{}},{"ancestorTitles":["checkbox-operations"],"fullName":"checkbox-operations keeps line references stable while inserting annotations for multiple sibling trees","status":"passed","title":"keeps line references stable while inserting annotations for multiple sibling trees","duration":1.6278999999999542,"failureMessages":[],"meta":{}},{"ancestorTitles":["checkbox-operations"],"fullName":"checkbox-operations relocates checkbox when file content shifted after agent modification","status":"passed","title":"relocates checkbox when file content shifted after agent modification","duration":3.587299999999914,"failureMessages":[],"meta":{}}],"startTime":1777179432831,"endTime":1777179433049.5874,"status":"passed","message":"","name":"C:/Work/md-todo/implementation/__tests__/application/checkbox-operations.test.ts"},{"assertionResults":[{"ancestorTitles":["clean-memory"],"fullName":"clean-memory removes orphaned memory files and index entries when orphans filter is enabled","status":"passed","title":"removes orphaned memory files and index entries when orphans filter is enabled","duration":38.117399999999975,"failureMessages":[],"meta":{}},{"ancestorTitles":["clean-memory"],"fullName":"clean-memory removes only outdated memory when outdated filter and threshold are enabled","status":"passed","title":"removes only outdated memory when outdated filter and threshold are enabled","duration":24.855500000000006,"failureMessages":[],"meta":{}},{"ancestorTitles":["clean-memory"],"fullName":"clean-memory dry-run reports cleanup plan without deleting memory artifacts","status":"passed","title":"dry-run reports cleanup plan without deleting memory artifacts","duration":6.285000000000082,"failureMessages":[],"meta":{}},{"ancestorTitles":["clean-memory"],"fullName":"clean-memory returns exit code 1 when all cleanup is requested without force","status":"passed","title":"returns exit code 1 when all cleanup is requested without force","duration":10.806600000000003,"failureMessages":[],"meta":{}}],"startTime":1777179437535,"endTime":1777179437614.8066,"status":"passed","message":"","name":"C:/Work/md-todo/implementation/__tests__/application/clean-memory.test.ts"},{"assertionResults":[{"ancestorTitles":["cli-block-handlers"],"fullName":"cli-block-handlers chains command execution handlers","status":"passed","title":"chains command execution handlers","duration":5.547699999999963,"failureMessages":[],"meta":{}},{"ancestorTitles":["cli-block-handlers"],"fullName":"cli-block-handlers writes cli trace events","status":"passed","title":"writes cli trace events","duration":3.1026999999999703,"failureMessages":[],"meta":{}},{"ancestorTitles":["cli-block-handlers"],"fullName":"cli-block-handlers warns on source cli failures and throws on template failures","status":"passed","title":"warns on source cli failures and throws on template failures","duration":2.380300000000034,"failureMessages":[],"meta":{}},{"ancestorTitles":["cli-block-handlers"],"fullName":"cli-block-handlers handles template failure errors and delegates unknown errors","status":"passed","title":"handles template failure errors and delegates unknown errors","duration":1.1535000000000082,"failureMessages":[],"meta":{}}],"startTime":1777179446890,"endTime":1777179446902.1536,"status":"passed","message":"","name":"C:/Work/md-todo/implementation/__tests__/application/cli-block-handlers.test.ts"},{"assertionResults":[{"ancestorTitles":["config-mutation"],"fullName":"config-mutation parses typed values and delegates set to worker config port","status":"passed","title":"parses typed values and delegates set to worker config port","duration":7.036399999999958,"failureMessages":[],"meta":{}},{"ancestorTitles":["config-mutation"],"fullName":"config-mutation supports auto type by parsing JSON first","status":"passed","title":"supports auto type by parsing JSON first","duration":1.2811000000000377,"failureMessages":[],"meta":{}},{"ancestorTitles":["config-mutation"],"fullName":"config-mutation emits no-change message when set operation is unchanged","status":"passed","title":"emits no-change message when set operation is unchanged","duration":0.7432000000000016,"failureMessages":[],"meta":{}},{"ancestorTitles":["config-mutation"],"fullName":"config-mutation delegates unset and reports removed keys","status":"passed","title":"delegates unset and reports removed keys","duration":1.3896000000000868,"failureMessages":[],"meta":{}},{"ancestorTitles":["config-mutation"],"fullName":"config-mutation rejects invalid boolean values","status":"passed","title":"rejects invalid boolean values","duration":1.8598000000000638,"failureMessages":[],"meta":{}},{"ancestorTitles":["config-mutation"],"fullName":"config-mutation rejects invalid number values","status":"passed","title":"rejects invalid number values","duration":0.7748000000000275,"failureMessages":[],"meta":{}},{"ancestorTitles":["config-mutation"],"fullName":"config-mutation rejects invalid json values","status":"passed","title":"rejects invalid json values","duration":0.712099999999964,"failureMessages":[],"meta":{}},{"ancestorTitles":["config-mutation"],"fullName":"config-mutation reads scoped values via config get","status":"passed","title":"reads scoped values via config get","duration":1.0661000000000058,"failureMessages":[],"meta":{}},{"ancestorTitles":["config-mutation"],"fullName":"config-mutation includes source attribution for effective get --show-source --json","status":"passed","title":"includes source attribution for effective get --show-source --json","duration":0.9079999999999018,"failureMessages":[],"meta":{}},{"ancestorTitles":["config-mutation"],"fullName":"config-mutation lists effective config as json with sources","status":"passed","title":"lists effective config as json with sources","duration":1.4429000000000087,"failureMessages":[],"meta":{}},{"ancestorTitles":["config-mutation"],"fullName":"config-mutation resolves config path by scope","status":"passed","title":"resolves config path by scope","duration":2.3343000000000984,"failureMessages":[],"meta":{}}],"startTime":1777179444811,"endTime":1777179444830.3342,"status":"passed","message":"","name":"C:/Work/md-todo/implementation/__tests__/application/config-mutation.test.ts"},{"assertionResults":[{"ancestorTitles":["createApp"],"fullName":"createApp wires test-double ports into use case factories","status":"passed","title":"wires test-double ports into use case factories","duration":22.835000000000036,"failureMessages":[],"meta":{}},{"ancestorTitles":["createApp"],"fullName":"createApp passes port overrides through to factories","status":"passed","title":"passes port overrides through to factories","duration":2.126399999999876,"failureMessages":[],"meta":{}},{"ancestorTitles":["createApp"],"fullName":"createApp passes output port overrides through to factories","status":"passed","title":"passes output port overrides through to factories","duration":2.484899999999925,"failureMessages":[],"meta":{}},{"ancestorTitles":["createApp"],"fullName":"createApp provides a default no-op fileLock port","status":"passed","title":"provides a default no-op fileLock port","duration":6.7029,"failureMessages":[],"meta":{}},{"ancestorTitles":["createApp"],"fullName":"createApp exposes releaseAllLocks helper that delegates to the file lock port","status":"passed","title":"exposes releaseAllLocks helper that delegates to the file lock port","duration":1.9239000000000033,"failureMessages":[],"meta":{}},{"ancestorTitles":["createApp"],"fullName":"createApp awaitShutdown waits for runs added while shutdown is already in progress","status":"passed","title":"awaitShutdown waits for runs added while shutdown is already in progress","duration":2.8024999999997817,"failureMessages":[],"meta":{}},{"ancestorTitles":["createApp"],"fullName":"createApp exposes discussTask and wires fileLock into discuss factory","status":"passed","title":"exposes discussTask and wires fileLock into discuss factory","duration":1.9380999999998494,"failureMessages":[],"meta":{}},{"ancestorTitles":["createApp"],"fullName":"createApp does not acquire file locks for next (read-only)","status":"passed","title":"does not acquire file locks for next (read-only)","duration":16.452800000000025,"failureMessages":[],"meta":{}},{"ancestorTitles":["createApp"],"fullName":"createApp does not acquire file locks for list (read-only)","status":"passed","title":"does not acquire file locks for list (read-only)","duration":4.273200000000088,"failureMessages":[],"meta":{}}],"startTime":1777179438579,"endTime":1777179438641.2732,"status":"passed","message":"","name":"C:/Work/md-todo/implementation/__tests__/application/create-app.test.ts"},{"assertionResults":[{"ancestorTitles":["design-context revision metadata and immutability"],"fullName":"design-context revision metadata and immutability finds the lowest unplanned released revision and skips rev.0","status":"passed","title":"finds the lowest unplanned released revision and skips rev.0","duration":28.250699999999938,"failureMessages":[],"meta":{}},{"ancestorTitles":["design-context revision metadata and immutability"],"fullName":"design-context revision metadata and immutability returns null when all released revisions are already planned","status":"passed","title":"returns null when all released revisions are already planned","duration":1.4773000000000138,"failureMessages":[],"meta":{}},{"ancestorTitles":["design-context revision metadata and immutability"],"fullName":"design-context revision metadata and immutability returns null when only rev.0 exists","status":"passed","title":"returns null when only rev.0 exists","duration":0.7346000000000004,"failureMessages":[],"meta":{}},{"ancestorTitles":["design-context revision metadata and immutability"],"fullName":"design-context revision metadata and immutability marks a revision planned and records migrations","status":"passed","title":"marks a revision planned and records migrations","duration":2.9622000000000526,"failureMessages":[],"meta":{}},{"ancestorTitles":["design-context revision metadata and immutability"],"fullName":"design-context revision metadata and immutability creates revision metadata when it is missing","status":"passed","title":"creates revision metadata when it is missing","duration":1.1299999999999955,"failureMessages":[],"meta":{}},{"ancestorTitles":["design-context revision metadata and immutability"],"fullName":"design-context revision metadata and immutability saves canonical design/current into design/rev.N snapshots","status":"passed","title":"saves canonical design/current into design/rev.N snapshots","duration":2.079099999999926,"failureMessages":[],"meta":{}},{"ancestorTitles":["design-context revision metadata and immutability"],"fullName":"design-context revision metadata and immutability falls back to legacy docs/current for revisions when canonical design/current is missing","status":"passed","title":"falls back to legacy docs/current for revisions when canonical design/current is missing","duration":1.2556000000000722,"failureMessages":[],"meta":{}},{"ancestorTitles":["design-context revision metadata and immutability"],"fullName":"design-context revision metadata and immutability keeps saved revision content immutable after later docs/current edits","status":"passed","title":"keeps saved revision content immutable after later docs/current edits","duration":1.3190999999999349,"failureMessages":[],"meta":{}},{"ancestorTitles":["design-context revision metadata and immutability"],"fullName":"design-context revision metadata and immutability returns unchanged when design/current matches the latest saved revision","status":"passed","title":"returns unchanged when design/current matches the latest saved revision","duration":1.759200000000078,"failureMessages":[],"meta":{}},{"ancestorTitles":["design-context revision metadata and immutability"],"fullName":"design-context revision metadata and immutability writes optional label metadata into revision sidecar","status":"passed","title":"writes optional label metadata into revision sidecar","duration":0.8846000000000913,"failureMessages":[],"meta":{}},{"ancestorTitles":["design-context revision metadata and immutability"],"fullName":"design-context revision metadata and immutability throws immutable conflicts when next revision directory or sidecar already exists","status":"passed","title":"throws immutable conflicts when next revision directory or sidecar already exists","duration":3.6972999999999274,"failureMessages":[],"meta":{}},{"ancestorTitles":["design-context revision metadata and immutability"],"fullName":"design-context revision metadata and immutability respects configured workspace design directory for snapshot resolution and guidance","status":"passed","title":"respects configured workspace design directory for snapshot resolution and guidance","duration":5.3700000000000045,"failureMessages":[],"meta":{}},{"ancestorTitles":["design-context revision metadata and immutability"],"fullName":"design-context revision metadata and immutability derives revision metadata from sidecars for revision-to-revision diffs","status":"passed","title":"derives revision metadata from sidecars for revision-to-revision diffs","duration":2.43769999999995,"failureMessages":[],"meta":{}},{"ancestorTitles":["design-context revision metadata and immutability"],"fullName":"design-context revision metadata and immutability uses legacy docs revisions for diff when canonical design/current is unavailable","status":"passed","title":"uses legacy docs revisions for diff when canonical design/current is unavailable","duration":0.6090000000000373,"failureMessages":[],"meta":{}},{"ancestorTitles":["design-context revision metadata and immutability"],"fullName":"design-context revision metadata and immutability treats explicit rev.0 target as migration from nothing when rev.0 is first","status":"passed","title":"treats explicit rev.0 target as migration from nothing when rev.0 is first","duration":1.1569000000000642,"failureMessages":[],"meta":{}},{"ancestorTitles":["design-context revision metadata and immutability"],"fullName":"design-context revision metadata and immutability treats explicit rev.1 target as migration from nothing when rev.1 is first","status":"passed","title":"treats explicit rev.1 target as migration from nothing when rev.1 is first","duration":1.2177000000000362,"failureMessages":[],"meta":{}},{"ancestorTitles":["design-context revision metadata and immutability"],"fullName":"design-context revision metadata and immutability treats rev.0 as fresh state and shows rev.1 as initial when rev.0 and rev.1 are present and rev.1 is targeted","status":"passed","title":"treats rev.0 as fresh state and shows rev.1 as initial when rev.0 and rev.1 are present and rev.1 is targeted","duration":0.7387999999999693,"failureMessages":[],"meta":{}},{"ancestorTitles":["design-context revision metadata and immutability"],"fullName":"design-context revision metadata and immutability ignores malformed revision entries and still picks highest valid predecessor for current","status":"passed","title":"ignores malformed revision entries and still picks highest valid predecessor for current","duration":0.8161999999999807,"failureMessages":[],"meta":{}},{"ancestorTitles":["design-context revision metadata and immutability"],"fullName":"design-context revision metadata and immutability returns graceful diff-unavailable result when explicit revision target directory is missing","status":"passed","title":"returns graceful diff-unavailable result when explicit revision target directory is missing","duration":1.0538999999999987,"failureMessages":[],"meta":{}},{"ancestorTitles":["design-context canonical workspace resolution"],"fullName":"design-context canonical workspace resolution prefers design/current/Target.md over legacy docs/current/Design.md","status":"passed","title":"prefers design/current/Target.md over legacy docs/current/Design.md","duration":1.7864999999999327,"failureMessages":[],"meta":{}},{"ancestorTitles":["design-context canonical workspace resolution"],"fullName":"design-context canonical workspace resolution falls back to legacy docs/current/Design.md when canonical workspace is absent","status":"passed","title":"falls back to legacy docs/current/Design.md when canonical workspace is absent","duration":0.7881999999999607,"failureMessages":[],"meta":{}},{"ancestorTitles":["design-context canonical workspace resolution"],"fullName":"design-context canonical workspace resolution falls back to legacy docs/current/Design.md when canonical current exists but is empty","status":"passed","title":"falls back to legacy docs/current/Design.md when canonical current exists but is empty","duration":0.5258000000000038,"failureMessages":[],"meta":{}}],"startTime":1777179437383,"endTime":1777179437446.526,"status":"passed","message":"","name":"C:/Work/md-todo/implementation/__tests__/application/design-context.test.ts"},{"assertionResults":[{"ancestorTitles":["discuss-task"],"fullName":"discuss-task selects the next task from resolved sources using the requested sort mode","status":"passed","title":"selects the next task from resolved sources using the requested sort mode","duration":19.022699999999986,"failureMessages":[],"meta":{}},{"ancestorTitles":["discuss-task"],"fullName":"discuss-task renders discuss prompt with standard template vars and --var overrides","status":"passed","title":"renders discuss prompt with standard template vars and --var overrides","duration":24.069799999999987,"failureMessages":[],"meta":{}},{"ancestorTitles":["discuss-task"],"fullName":"discuss-task includes memory path and summary in discuss prompt without memory body text","status":"passed","title":"includes memory path and summary in discuss prompt without memory body text","duration":3.102200000000039,"failureMessages":[],"meta":{}},{"ancestorTitles":["discuss-task"],"fullName":"discuss-task keeps dry-run exit code and behavior when memory metadata is unavailable","status":"passed","title":"keeps dry-run exit code and behavior when memory metadata is unavailable","duration":3.0422999999999547,"failureMessages":[],"meta":{}},{"ancestorTitles":["discuss-task"],"fullName":"discuss-task print-prompt renders and prints discuss prompt without launching worker","status":"passed","title":"print-prompt renders and prints discuss prompt without launching worker","duration":2.9674999999999727,"failureMessages":[],"meta":{}},{"ancestorTitles":["discuss-task"],"fullName":"discuss-task includes related run history in source-mode discuss prompt when matching runs exist","status":"passed","title":"includes related run history in source-mode discuss prompt when matching runs exist","duration":4.173900000000003,"failureMessages":[],"meta":{}},{"ancestorTitles":["discuss-task"],"fullName":"discuss-task includes no-previous-runs message in source-mode prompt when no matching runs exist","status":"passed","title":"includes no-previous-runs message in source-mode prompt when no matching runs exist","duration":5.380400000000009,"failureMessages":[],"meta":{}},{"ancestorTitles":["discuss-task"],"fullName":"discuss-task uses --run latest to render discuss-finished prompt from saved run artifacts","status":"passed","title":"uses --run latest to render discuss-finished prompt from saved run artifacts","duration":16.37220000000002,"failureMessages":[],"meta":{}},{"ancestorTitles":["discuss-task"],"fullName":"discuss-task assembles discuss-finished template vars from run metadata with missing optional values","status":"passed","title":"assembles discuss-finished template vars from run metadata with missing optional values","duration":6.286600000000021,"failureMessages":[],"meta":{}},{"ancestorTitles":["discuss-task"],"fullName":"discuss-task assembles discuss-finished template vars for a complete run with execute/verify/repair phases","status":"passed","title":"assembles discuss-finished template vars for a complete run with execute/verify/repair phases","duration":5.490799999999922,"failureMessages":[],"meta":{}},{"ancestorTitles":["discuss-task"],"fullName":"discuss-task sets commitSha template var to commit id when available and (none) when missing","status":"passed","title":"sets commitSha template var to commit id when available and (none) when missing","duration":7.471000000000004,"failureMessages":[],"meta":{}},{"ancestorTitles":["discuss-task"],"fullName":"discuss-task reports missing stdout/stderr logs in discuss-finished template vars","status":"passed","title":"reports missing stdout/stderr logs in discuss-finished template vars","duration":4.03329999999994,"failureMessages":[],"meta":{}},{"ancestorTitles":["discuss-task"],"fullName":"discuss-task includes all repair attempts in phaseSummary for discuss-finished template vars","status":"passed","title":"includes all repair attempts in phaseSummary for discuss-finished template vars","duration":4.167799999999943,"failureMessages":[],"meta":{}},{"ancestorTitles":["discuss-task"],"fullName":"discuss-task uses run.json task text in discuss-finished template vars when task source file is deleted","status":"passed","title":"uses run.json task text in discuss-finished template vars when task source file is deleted","duration":2.9046999999999343,"failureMessages":[],"meta":{}},{"ancestorTitles":["discuss-task"],"fullName":"discuss-task falls back to run.json task metadata when the source task file was moved or deleted","status":"passed","title":"falls back to run.json task metadata when the source task file was moved or deleted","duration":7.467700000000036,"failureMessages":[],"meta":{}},{"ancestorTitles":["discuss-task"],"fullName":"discuss-task finalizes discuss-finished sessions with discuss-finished-completed status on success","status":"passed","title":"finalizes discuss-finished sessions with discuss-finished-completed status on success","duration":5.9687000000000126,"failureMessages":[],"meta":{}},{"ancestorTitles":["discuss-task"],"fullName":"discuss-task emits finished-discussion trace events for --run discussions","status":"passed","title":"emits finished-discussion trace events for --run discussions","duration":6.293000000000006,"failureMessages":[],"meta":{}},{"ancestorTitles":["discuss-task"],"fullName":"discuss-task acquires source lock for --run discussions before worker invocation and releases it afterward","status":"passed","title":"acquires source lock for --run discussions before worker invocation and releases it afterward","duration":4.895200000000045,"failureMessages":[],"meta":{}},{"ancestorTitles":["discuss-task"],"fullName":"discuss-task finalizes discuss-finished sessions with discuss-finished-cancelled status on failure","status":"passed","title":"finalizes discuss-finished sessions with discuss-finished-cancelled status on failure","duration":4.150499999999965,"failureMessages":[],"meta":{}},{"ancestorTitles":["discuss-task"],"fullName":"discuss-task restores checkbox state and cancels discuss-finished when worker toggles checkboxes","status":"passed","title":"restores checkbox state and cancels discuss-finished when worker toggles checkboxes","duration":3.412499999999909,"failureMessages":[],"meta":{}},{"ancestorTitles":["discuss-task"],"fullName":"discuss-task returns 3 when --run latest cannot resolve a saved run","status":"passed","title":"returns 3 when --run latest cannot resolve a saved run","duration":1.5337000000001808,"failureMessages":[],"meta":{}},{"ancestorTitles":["discuss-task"],"fullName":"discuss-task returns 3 when explicit --run id cannot resolve a saved run","status":"passed","title":"returns 3 when explicit --run id cannot resolve a saved run","duration":1.4534000000001015,"failureMessages":[],"meta":{}},{"ancestorTitles":["discuss-task"],"fullName":"discuss-task returns 3 when --run prefix is ambiguous and does not resolve to a unique run","status":"passed","title":"returns 3 when --run prefix is ambiguous and does not resolve to a unique run","duration":1.6551999999999225,"failureMessages":[],"meta":{}},{"ancestorTitles":["discuss-task"],"fullName":"discuss-task returns 3 when selected run is not in supported terminal status set","status":"passed","title":"returns 3 when selected run is not in supported terminal status set","duration":1.3244999999999436,"failureMessages":[],"meta":{}},{"ancestorTitles":["discuss-task"],"fullName":"discuss-task returns 3 when selected run is missing task metadata","status":"passed","title":"returns 3 when selected run is missing task metadata","duration":1.3843999999999141,"failureMessages":[],"meta":{}},{"ancestorTitles":["discuss-task"],"fullName":"discuss-task returns 3 when selected run artifact directory was purged","status":"passed","title":"returns 3 when selected run artifact directory was purged","duration":2.376700000000028,"failureMessages":[],"meta":{}},{"ancestorTitles":["discuss-task"],"fullName":"discuss-task expands cli blocks in rendered discuss prompt before printing","status":"passed","title":"expands cli blocks in rendered discuss prompt before printing","duration":3.097900000000209,"failureMessages":[],"meta":{}},{"ancestorTitles":["discuss-task"],"fullName":"discuss-task passes exec timeout to cli block expansion in discuss prompt","status":"passed","title":"passes exec timeout to cli block expansion in discuss prompt","duration":3.345100000000002,"failureMessages":[],"meta":{}},{"ancestorTitles":["discuss-task"],"fullName":"discuss-task skips cli block expansion when ignoreCliBlock is enabled","status":"passed","title":"skips cli block expansion when ignoreCliBlock is enabled","duration":1.9031999999999698,"failureMessages":[],"meta":{}},{"ancestorTitles":["discuss-task"],"fullName":"discuss-task emits an error and aborts when discuss template cli block fails","status":"passed","title":"emits an error and aborts when discuss template cli block fails","duration":2.308999999999969,"failureMessages":[],"meta":{}},{"ancestorTitles":["discuss-task"],"fullName":"discuss-task emits a discuss-finished template error when --run prompt cli block fails","status":"passed","title":"emits a discuss-finished template error when --run prompt cli block fails","duration":3.0726999999999407,"failureMessages":[],"meta":{}},{"ancestorTitles":["discuss-task"],"fullName":"discuss-task includes user-supplied --var values in rendered discuss prompt","status":"passed","title":"includes user-supplied --var values in rendered discuss prompt","duration":2.5620000000001255,"failureMessages":[],"meta":{}},{"ancestorTitles":["discuss-task"],"fullName":"discuss-task loads --vars-file values into rendered discuss prompt","status":"passed","title":"loads --vars-file values into rendered discuss prompt","duration":2.493600000000015,"failureMessages":[],"meta":{}},{"ancestorTitles":["discuss-task"],"fullName":"discuss-task reports dry-run details and does not execute worker","status":"passed","title":"reports dry-run details and does not execute worker","duration":2.185799999999972,"failureMessages":[],"meta":{}},{"ancestorTitles":["discuss-task"],"fullName":"discuss-task dry-run skips cli block expansion and reports skipped block count","status":"passed","title":"dry-run skips cli block expansion and reports skipped block count","duration":2.2443000000000666,"failureMessages":[],"meta":{}},{"ancestorTitles":["discuss-task"],"fullName":"discuss-task dry-run prints resolved task info without launching worker","status":"passed","title":"dry-run prints resolved task info without launching worker","duration":1.7682000000002063,"failureMessages":[],"meta":{}},{"ancestorTitles":["discuss-task"],"fullName":"discuss-task runs worker in tui discuss phase with rendered prompt","status":"passed","title":"runs worker in tui discuss phase with rendered prompt","duration":2.893600000000106,"failureMessages":[],"meta":{}},{"ancestorTitles":["discuss-task"],"fullName":"discuss-task emits group-start/group-end events for a successful discussion turn","status":"passed","title":"emits group-start/group-end events for a successful discussion turn","duration":2.6916000000001077,"failureMessages":[],"meta":{}},{"ancestorTitles":["discuss-task"],"fullName":"discuss-task acquires source lock before worker invocation and releases locks after worker exit","status":"passed","title":"acquires source lock before worker invocation and releases locks after worker exit","duration":2.0386000000000877,"failureMessages":[],"meta":{}},{"ancestorTitles":["discuss-task"],"fullName":"discuss-task falls back to DEFAULT_DISCUSS_TEMPLATE when discuss template is missing","status":"passed","title":"falls back to DEFAULT_DISCUSS_TEMPLATE when discuss template is missing","duration":1.8858000000000175,"failureMessages":[],"meta":{}},{"ancestorTitles":["discuss-task"],"fullName":"discuss-task removes old permissive edit wording from discuss template","status":"passed","title":"removes old permissive edit wording from discuss template","duration":0.18309999999996762,"failureMessages":[],"meta":{}},{"ancestorTitles":["discuss-task"],"fullName":"discuss-task captures discuss output into artifacts when --keep-artifacts is set","status":"passed","title":"captures discuss output into artifacts when --keep-artifacts is set","duration":2.225300000000061,"failureMessages":[],"meta":{}},{"ancestorTitles":["discuss-task"],"fullName":"discuss-task emits discussion.started and discussion.completed trace events with duration and exit code","status":"passed","title":"emits discussion.started and discussion.completed trace events with duration and exit code","duration":2.3497999999999593,"failureMessages":[],"meta":{}},{"ancestorTitles":["discuss-task"],"fullName":"discuss-task records non-zero worker exit code in discussion.completed trace payload","status":"passed","title":"records non-zero worker exit code in discussion.completed trace payload","duration":1.9475999999999658,"failureMessages":[],"meta":{}},{"ancestorTitles":["discuss-task"],"fullName":"discuss-task emits group-end failure event when discussion worker exits non-zero","status":"passed","title":"emits group-end failure event when discussion worker exits non-zero","duration":1.8506999999999607,"failureMessages":[],"meta":{}},{"ancestorTitles":["discuss-task"],"fullName":"discuss-task returns 1 when worker exits without an exit code","status":"passed","title":"returns 1 when worker exits without an exit code","duration":1.9071000000001277,"failureMessages":[],"meta":{}},{"ancestorTitles":["discuss-task"],"fullName":"discuss-task returns 1 when discussion mutates checkbox state","status":"passed","title":"returns 1 when discussion mutates checkbox state","duration":10.810999999999922,"failureMessages":[],"meta":{}},{"ancestorTitles":["discuss-task"],"fullName":"discuss-task returns 1 when checkbox state flips while task text changes","status":"passed","title":"returns 1 when checkbox state flips while task text changes","duration":1.7081000000000586,"failureMessages":[],"meta":{}},{"ancestorTitles":["discuss-task"],"fullName":"discuss-task returns 1 when checked and unchecked items swap state with unchanged totals","status":"passed","title":"returns 1 when checked and unchecked items swap state with unchanged totals","duration":1.9161999999998898,"failureMessages":[],"meta":{}},{"ancestorTitles":["discuss-task"],"fullName":"discuss-task allows rewriting task text when checkbox state is unchanged","status":"passed","title":"allows rewriting task text when checkbox state is unchanged","duration":1.9114999999999327,"failureMessages":[],"meta":{}},{"ancestorTitles":["discuss-task"],"fullName":"discuss-task does not mutate any checkbox in the source file","status":"passed","title":"does not mutate any checkbox in the source file","duration":1.7494999999998981,"failureMessages":[],"meta":{}},{"ancestorTitles":["discuss-task"],"fullName":"discuss-task acquires a lock for each resolved source before task selection and releases locks on exit","status":"passed","title":"acquires a lock for each resolved source before task selection and releases locks on exit","duration":1.8531000000000404,"failureMessages":[],"meta":{}},{"ancestorTitles":["discuss-task"],"fullName":"discuss-task force-unlocks stale source locks before acquiring discuss locks","status":"passed","title":"force-unlocks stale source locks before acquiring discuss locks","duration":2.0286999999998443,"failureMessages":[],"meta":{}},{"ancestorTitles":["discuss-task"],"fullName":"discuss-task returns 1 with a clear message when a source file lock is already held","status":"passed","title":"returns 1 with a clear message when a source file lock is already held","duration":1.9000999999998385,"failureMessages":[],"meta":{}}],"startTime":1777179432919,"endTime":1777179433139.9001,"status":"passed","message":"","name":"C:/Work/md-todo/implementation/__tests__/application/discuss-task.test.ts"},{"assertionResults":[{"ancestorTitles":["createDocsTask"],"fullName":"createDocsTask releases design/current snapshot and keeps no-change no-op behavior","status":"passed","title":"releases design/current snapshot and keeps no-change no-op behavior","duration":31.713599999999985,"failureMessages":[],"meta":{}},{"ancestorTitles":["createDocsTask"],"fullName":"createDocsTask bootstraps canonical design/current/Target.md from legacy root Design.md","status":"passed","title":"bootstraps canonical design/current/Target.md from legacy root Design.md","duration":2.6415000000000646,"failureMessages":[],"meta":{}},{"ancestorTitles":["createDocsTask"],"fullName":"createDocsTask uses release as the canonical snapshot action without publish warnings","status":"passed","title":"uses release as the canonical snapshot action without publish warnings","duration":1.3587999999999738,"failureMessages":[],"meta":{}},{"ancestorTitles":["createDocsTask"],"fullName":"createDocsTask requires --workspace when workspace.link has multiple records without a default","status":"passed","title":"requires --workspace when workspace.link has multiple records without a default","duration":2.0715000000000146,"failureMessages":[],"meta":{}},{"ancestorTitles":["createDocsTask"],"fullName":"createDocsTask resolves workspace from --workspace when workspace.link selection is ambiguous","status":"passed","title":"resolves workspace from --workspace when workspace.link selection is ambiguous","duration":1.9044000000000096,"failureMessages":[],"meta":{}}],"startTime":1777179440878,"endTime":1777179440917.9043,"status":"passed","message":"","name":"C:/Work/md-todo/implementation/__tests__/application/docs-task.test.ts"},{"assertionResults":[{"ancestorTitles":["git-operations"],"fullName":"git-operations detects git worktrees","status":"passed","title":"detects git worktrees","duration":4.559799999999996,"failureMessages":[],"meta":{}},{"ancestorTitles":["git-operations"],"fullName":"git-operations initializes git repository when cwd is not a repo","status":"passed","title":"initializes git repository when cwd is not a repo","duration":2.012200000000007,"failureMessages":[],"meta":{}},{"ancestorTitles":["git-operations"],"fullName":"git-operations does not initialize git repository when cwd is already in a repo","status":"passed","title":"does not initialize git repository when cwd is already in a repo","duration":1.7592000000000212,"failureMessages":[],"meta":{}},{"ancestorTitles":["git-operations"],"fullName":"git-operations checks worktree cleanliness while excluding artifact paths","status":"passed","title":"checks worktree cleanliness while excluding artifact paths","duration":1.0587999999999624,"failureMessages":[],"meta":{}},{"ancestorTitles":["git-operations"],"fullName":"git-operations builds add+commit command sequence for checked task","status":"passed","title":"builds add+commit command sequence for checked task","duration":1.2666000000000395,"failureMessages":[],"meta":{}},{"ancestorTitles":["git-operations"],"fullName":"git-operations skips commit when no committable changes are present","status":"passed","title":"skips commit when no committable changes are present","duration":1.738299999999981,"failureMessages":[],"meta":{}},{"ancestorTitles":["git-operations"],"fullName":"git-operations normalizes git no-op commit response when preflight misses","status":"passed","title":"normalizes git no-op commit response when preflight misses","duration":0.8216999999999643,"failureMessages":[],"meta":{}},{"ancestorTitles":["git-operations"],"fullName":"git-operations does not normalize non-no-op commit errors","status":"passed","title":"does not normalize non-no-op commit errors","duration":1.8342999999999847,"failureMessages":[],"meta":{}},{"ancestorTitles":["git-operations"],"fullName":"git-operations formats commit message template variables","status":"passed","title":"formats commit message template variables","duration":0.5489999999999782,"failureMessages":[],"meta":{}},{"ancestorTitles":["git-operations"],"fullName":"git-operations handles repo-relative exclude resolution and path guards","status":"passed","title":"handles repo-relative exclude resolution and path guards","duration":1.0057000000000471,"failureMessages":[],"meta":{}},{"ancestorTitles":["git-operations"],"fullName":"git-operations returns empty excludes when config directory is gitignored","status":"passed","title":"returns empty excludes when config directory is gitignored","duration":0.49860000000001037,"failureMessages":[],"meta":{}},{"ancestorTitles":["git-operations"],"fullName":"git-operations includes excludes when config directory is not gitignored","status":"passed","title":"includes excludes when config directory is not gitignored","duration":0.4294999999999618,"failureMessages":[],"meta":{}}],"startTime":1777179446302,"endTime":1777179446319.4985,"status":"passed","message":"","name":"C:/Work/md-todo/implementation/__tests__/application/git-operations.test.ts"},{"assertionResults":[{"ancestorTitles":["help-task"],"fullName":"help-task resolves worker from config and creates/finalizes artifacts for success","status":"passed","title":"resolves worker from config and creates/finalizes artifacts for success","duration":24.344499999999925,"failureMessages":[],"meta":{}},{"ancestorTitles":["help-task"],"fullName":"help-task appends canonical --continue to resolved help worker command when requested","status":"passed","title":"appends canonical --continue to resolved help worker command when requested","duration":2.9629999999999654,"failureMessages":[],"meta":{}},{"ancestorTitles":["help-task"],"fullName":"help-task preserves existing continuation flag ordering when already present","status":"passed","title":"preserves existing continuation flag ordering when already present","duration":2.625599999999963,"failureMessages":[],"meta":{}},{"ancestorTitles":["help-task"],"fullName":"help-task prefers explicit worker pattern override over config defaults when continuing","status":"passed","title":"prefers explicit worker pattern override over config defaults when continuing","duration":2.9954999999999927,"failureMessages":[],"meta":{}},{"ancestorTitles":["help-task"],"fullName":"help-task prefers separator worker args over config defaults when continuing","status":"passed","title":"prefers separator worker args over config defaults when continuing","duration":3.1374000000000706,"failureMessages":[],"meta":{}},{"ancestorTitles":["help-task"],"fullName":"help-task uses config default worker command when no explicit or separator worker is provided","status":"passed","title":"uses config default worker command when no explicit or separator worker is provided","duration":3.091299999999933,"failureMessages":[],"meta":{}},{"ancestorTitles":["help-task"],"fullName":"help-task renders help template with cli vars, command index, and docs context","status":"passed","title":"renders help template with cli vars, command index, and docs context","duration":23.250500000000102,"failureMessages":[],"meta":{}},{"ancestorTitles":["help-task"],"fullName":"help-task prepends agent.md warmup content before help template","status":"passed","title":"prepends agent.md warmup content before help template","duration":2.3599999999999,"failureMessages":[],"meta":{}},{"ancestorTitles":["help-task"],"fullName":"help-task falls back to default agent warmup when agent.md is empty","status":"passed","title":"falls back to default agent warmup when agent.md is empty","duration":2.3894000000000233,"failureMessages":[],"meta":{}},{"ancestorTitles":["help-task"],"fullName":"help-task loads warmup/help templates from an explicit custom config dir in order","status":"passed","title":"loads warmup/help templates from an explicit custom config dir in order","duration":3.9313000000000784,"failureMessages":[],"meta":{}},{"ancestorTitles":["help-task"],"fullName":"help-task uses built-in warmup fallback when config dir is unavailable","status":"passed","title":"uses built-in warmup fallback when config dir is unavailable","duration":1.9951999999999543,"failureMessages":[],"meta":{}},{"ancestorTitles":["help-task"],"fullName":"help-task expands cli fenced blocks in the help template before worker execution","status":"passed","title":"expands cli fenced blocks in the help template before worker execution","duration":2.795599999999922,"failureMessages":[],"meta":{}},{"ancestorTitles":["help-task"],"fullName":"help-task keeps expanded --help --everything output readable in worker prompt","status":"passed","title":"keeps expanded --help --everything output readable in worker prompt","duration":7.331099999999992,"failureMessages":[],"meta":{}},{"ancestorTitles":["help-task"],"fullName":"help-task returns no-work when no interactive help worker is configured","status":"passed","title":"returns no-work when no interactive help worker is configured","duration":1.3380999999999403,"failureMessages":[],"meta":{}},{"ancestorTitles":["help-task"],"fullName":"help-task keeps no-worker fallback messaging unchanged when continuation is requested","status":"passed","title":"keeps no-worker fallback messaging unchanged when continuation is requested","duration":1.2348000000000638,"failureMessages":[],"meta":{}},{"ancestorTitles":["help-task"],"fullName":"help-task returns no-work with info message when worker resolution throws","status":"passed","title":"returns no-work with info message when worker resolution throws","duration":1.342999999999961,"failureMessages":[],"meta":{}},{"ancestorTitles":["help-task"],"fullName":"help-task finalizes help artifacts as failed when worker throws","status":"passed","title":"finalizes help artifacts as failed when worker throws","duration":6.046699999999987,"failureMessages":[],"meta":{}},{"ancestorTitles":["help-task"],"fullName":"help-task returns failure and emits an error when worker exits non-zero","status":"passed","title":"returns failure and emits an error when worker exits non-zero","duration":3.1205999999999676,"failureMessages":[],"meta":{}},{"ancestorTitles":["help-task"],"fullName":"help-task returns failure when worker exits without an exit code","status":"passed","title":"returns failure when worker exits without an exit code","duration":1.9366999999999734,"failureMessages":[],"meta":{}},{"ancestorTitles":["help-task"],"fullName":"help-task writes trace lifecycle events when trace is enabled","status":"passed","title":"writes trace lifecycle events when trace is enabled","duration":2.2676999999999907,"failureMessages":[],"meta":{}},{"ancestorTitles":["help-task"],"fullName":"help-task flushes the default trace writer when returning no-work before artifact context exists","status":"passed","title":"flushes the default trace writer when returning no-work before artifact context exists","duration":1.1674000000000433,"failureMessages":[],"meta":{}},{"ancestorTitles":["help-task"],"fullName":"help-task does not apply TTY gating inside createHelpTask","status":"passed","title":"does not apply TTY gating inside createHelpTask","duration":1.9633000000000038,"failureMessages":[],"meta":{}},{"ancestorTitles":["help-task"],"fullName":"help-task finalizes artifacts and trace as failed when worker is cancelled","status":"passed","title":"finalizes artifacts and trace as failed when worker is cancelled","duration":10.741300000000024,"failureMessages":[],"meta":{}}],"startTime":1777179436145,"endTime":1777179436260.7412,"status":"passed","message":"","name":"C:/Work/md-todo/implementation/__tests__/application/help-task.test.ts"},{"assertionResults":[{"ancestorTitles":["application import boundary"],"fullName":"application import boundary keeps application imports pointed inward","status":"passed","title":"keeps application imports pointed inward","duration":15.132200000000012,"failureMessages":[],"meta":{}},{"ancestorTitles":["application import boundary"],"fullName":"application import boundary run-task.ts has no direct infrastructure imports","status":"passed","title":"run-task.ts has no direct infrastructure imports","duration":0.49279999999998836,"failureMessages":[],"meta":{}},{"ancestorTitles":["application import boundary"],"fullName":"application import boundary discuss-task.ts has no direct infrastructure imports","status":"passed","title":"discuss-task.ts has no direct infrastructure imports","duration":0.47259999999994307,"failureMessages":[],"meta":{}},{"ancestorTitles":["application import boundary"],"fullName":"application import boundary plan-task.ts has no direct infrastructure imports","status":"passed","title":"plan-task.ts has no direct infrastructure imports","duration":0.5756999999999834,"failureMessages":[],"meta":{}},{"ancestorTitles":["application import boundary"],"fullName":"application import boundary next-task.ts has no direct infrastructure imports","status":"passed","title":"next-task.ts has no direct infrastructure imports","duration":0.41659999999990305,"failureMessages":[],"meta":{}},{"ancestorTitles":["application import boundary"],"fullName":"application import boundary list-tasks.ts has no direct infrastructure imports","status":"passed","title":"list-tasks.ts has no direct infrastructure imports","duration":0.5061999999999216,"failureMessages":[],"meta":{}}],"startTime":1777179445112,"endTime":1777179445129.506,"status":"passed","message":"","name":"C:/Work/md-todo/implementation/__tests__/application/import-boundary.test.ts"},{"assertionResults":[{"ancestorTitles":["init-project"],"fullName":"init-project creates local .rundown in cwd when no explicit config dir is provided","status":"passed","title":"creates local .rundown in cwd when no explicit config dir is provided","duration":16.398900000000026,"failureMessages":[],"meta":{}},{"ancestorTitles":["init-project"],"fullName":"init-project creates templates inside explicit --config-dir target","status":"passed","title":"creates templates inside explicit --config-dir target","duration":4.169699999999921,"failureMessages":[],"meta":{}},{"ancestorTitles":["init-project"],"fullName":"init-project scaffolds plan-loop.md with the built-in loop template","status":"passed","title":"scaffolds plan-loop.md with the built-in loop template","duration":1.0937000000000126,"failureMessages":[],"meta":{}},{"ancestorTitles":["init-project"],"fullName":"init-project is idempotent and preserves existing agent.md on repeated init","status":"passed","title":"is idempotent and preserves existing agent.md on repeated init","duration":1.572499999999991,"failureMessages":[],"meta":{}},{"ancestorTitles":["init-project"],"fullName":"init-project writes worker into config.json when --default-worker is provided","status":"passed","title":"writes worker into config.json when --default-worker is provided","duration":1.3964999999999463,"failureMessages":[],"meta":{}},{"ancestorTitles":["init-project"],"fullName":"init-project writes default empty config.json when --worker is not provided","status":"passed","title":"writes default empty config.json when --worker is not provided","duration":1.3752999999999247,"failureMessages":[],"meta":{}},{"ancestorTitles":["init-project"],"fullName":"init-project preserves existing vars.json and config.json by default","status":"passed","title":"preserves existing vars.json and config.json by default","duration":1.9794000000000551,"failureMessages":[],"meta":{}},{"ancestorTitles":["init-project"],"fullName":"init-project overwrites existing vars.json and config.json when overwriteConfig is enabled","status":"passed","title":"overwrites existing vars.json and config.json when overwriteConfig is enabled","duration":1.5534000000000106,"failureMessages":[],"meta":{}},{"ancestorTitles":["init-project"],"fullName":"init-project creates .gitignore with .rundown when --gitignore is set and no .gitignore exists","status":"passed","title":"creates .gitignore with .rundown when --gitignore is set and no .gitignore exists","duration":1.6978000000000293,"failureMessages":[],"meta":{}},{"ancestorTitles":["init-project"],"fullName":"init-project appends .rundown to existing .gitignore when not already present","status":"passed","title":"appends .rundown to existing .gitignore when not already present","duration":1.687599999999975,"failureMessages":[],"meta":{}},{"ancestorTitles":["init-project"],"fullName":"init-project skips .gitignore update when .rundown is already listed","status":"passed","title":"skips .gitignore update when .rundown is already listed","duration":1.515100000000075,"failureMessages":[],"meta":{}},{"ancestorTitles":["init-project"],"fullName":"init-project does not touch .gitignore when --gitignore is not set","status":"passed","title":"does not touch .gitignore when --gitignore is not set","duration":1.1854999999999336,"failureMessages":[],"meta":{}},{"ancestorTitles":["init-project"],"fullName":"init-project suppresses emitted init messages when silent option is enabled","status":"passed","title":"suppresses emitted init messages when silent option is enabled","duration":1.4640000000000555,"failureMessages":[],"meta":{}},{"ancestorTitles":["init-project"],"fullName":"init-project loads locale messages from locale.json when present","status":"passed","title":"loads locale messages from locale.json when present","duration":1.499900000000025,"failureMessages":[],"meta":{}},{"ancestorTitles":["init-project"],"fullName":"init-project falls back to dependency locale messages when locale.json is invalid","status":"passed","title":"falls back to dependency locale messages when locale.json is invalid","duration":1.2194999999999254,"failureMessages":[],"meta":{}}],"startTime":1777179439158,"endTime":1777179439198.2195,"status":"passed","message":"","name":"C:/Work/md-todo/implementation/__tests__/application/init-project.test.ts"},{"assertionResults":[{"ancestorTitles":["resolveIterationVerificationMode"],"fullName":"resolveIterationVerificationMode suppresses verification for fast tasks when configuredShouldVerify is enabled","status":"passed","title":"suppresses verification for fast tasks when configuredShouldVerify is enabled","duration":6.51260000000002,"failureMessages":[],"meta":{}},{"ancestorTitles":["resolveIterationVerificationMode"],"fullName":"resolveIterationVerificationMode suppresses verification for raw tasks when configuredShouldVerify is enabled","status":"passed","title":"suppresses verification for raw tasks when configuredShouldVerify is enabled","duration":0.9619999999999891,"failureMessages":[],"meta":{}},{"ancestorTitles":["resolveIterationVerificationMode"],"fullName":"resolveIterationVerificationMode suppresses verification for quick tasks when configuredShouldVerify is enabled","status":"passed","title":"suppresses verification for quick tasks when configuredShouldVerify is enabled","duration":0.6436999999999671,"failureMessages":[],"meta":{}},{"ancestorTitles":["resolveIterationVerificationMode"],"fullName":"resolveIterationVerificationMode treats empty-payload fast prefixes as fast-execution and still skips verification","status":"passed","title":"treats empty-payload fast prefixes as fast-execution and still skips verification","duration":0.8596000000000004,"failureMessages":[],"meta":{}},{"ancestorTitles":["resolveIterationVerificationMode"],"fullName":"resolveIterationVerificationMode treats empty-payload raw prefixes as fast-execution and still skips verification","status":"passed","title":"treats empty-payload raw prefixes as fast-execution and still skips verification","duration":1.1637999999999238,"failureMessages":[],"meta":{}},{"ancestorTitles":["resolveIterationVerificationMode"],"fullName":"resolveIterationVerificationMode treats empty-payload quick prefixes as fast-execution and still skips verification","status":"passed","title":"treats empty-payload quick prefixes as fast-execution and still skips verification","duration":0.7815999999999121,"failureMessages":[],"meta":{}},{"ancestorTitles":["resolveIterationVerificationMode"],"fullName":"resolveIterationVerificationMode suppresses verification for fast tasks when configuredOnlyVerify is enabled","status":"passed","title":"suppresses verification for fast tasks when configuredOnlyVerify is enabled","duration":0.7738000000000511,"failureMessages":[],"meta":{}},{"ancestorTitles":["resolveIterationVerificationMode"],"fullName":"resolveIterationVerificationMode suppresses verification for tasks with inherited fast-execution directive intent","status":"passed","title":"suppresses verification for tasks with inherited fast-execution directive intent","duration":0.8555000000000064,"failureMessages":[],"meta":{}},{"ancestorTitles":["resolveIterationVerificationMode"],"fullName":"resolveIterationVerificationMode keeps verify-only behavior unchanged for verify-prefixed tasks","status":"passed","title":"keeps verify-only behavior unchanged for verify-prefixed tasks","duration":0.9073000000000775,"failureMessages":[],"meta":{}},{"ancestorTitles":["resolveIterationVerificationMode"],"fullName":"resolveIterationVerificationMode respects force-execute for verify-only tasks and reports the override","status":"passed","title":"respects force-execute for verify-only tasks and reports the override","duration":0.772899999999936,"failureMessages":[],"meta":{}},{"ancestorTitles":["resolveIterationVerificationMode"],"fullName":"resolveIterationVerificationMode keeps memory-prefixed tasks in execute mode unless verification is configured","status":"passed","title":"keeps memory-prefixed tasks in execute mode unless verification is configured","duration":0.7375999999999294,"failureMessages":[],"meta":{}},{"ancestorTitles":["resolveIterationVerificationMode"],"fullName":"resolveIterationVerificationMode keeps non-prefixed tasks on default execute path","status":"passed","title":"keeps non-prefixed tasks on default execute path","duration":0.3745000000000118,"failureMessages":[],"meta":{}},{"ancestorTitles":["resolveIterationVerificationMode"],"fullName":"resolveIterationVerificationMode normalizes localized memory prefix before classification","status":"passed","title":"normalizes localized memory prefix before classification","duration":0.7207999999999402,"failureMessages":[],"meta":{}},{"ancestorTitles":["resolveIterationVerificationMode"],"fullName":"resolveIterationVerificationMode normalizes localized verify prefix before classification","status":"passed","title":"normalizes localized verify prefix before classification","duration":0.5532000000000608,"failureMessages":[],"meta":{}},{"ancestorTitles":["resolveIterationVerificationMode"],"fullName":"resolveIterationVerificationMode does not classify localized prefixes when locale aliases are not provided","status":"passed","title":"does not classify localized prefixes when locale aliases are not provided","duration":0.47700000000008913,"failureMessages":[],"meta":{}},{"ancestorTitles":["resolveIterationVerificationMode"],"fullName":"resolveIterationVerificationMode applies verify-only mode for composed chains routed by prefix handler metadata","status":"passed","title":"applies verify-only mode for composed chains routed by prefix handler metadata","duration":2.275700000000029,"failureMessages":[],"meta":{}},{"ancestorTitles":["resolveIterationVerificationMode"],"fullName":"resolveIterationVerificationMode preserves explicit prefix precedence for verify: quick and quick: verify forms","status":"passed","title":"preserves explicit prefix precedence for verify: quick and quick: verify forms","duration":0.5725999999999658,"failureMessages":[],"meta":{}},{"ancestorTitles":["resolveIterationVerificationMode"],"fullName":"resolveIterationVerificationMode keeps explicit prefix behavior stable when resolver exposes same-name tools","status":"passed","title":"keeps explicit prefix behavior stable when resolver exposes same-name tools","duration":2.4214000000000624,"failureMessages":[],"meta":{}},{"ancestorTitles":["resolveIterationVerificationMode"],"fullName":"resolveIterationVerificationMode keeps verify, memory, and fast alias groups behaviorally equivalent","status":"passed","title":"keeps verify, memory, and fast alias groups behaviorally equivalent","duration":2.8565999999999576,"failureMessages":[],"meta":{}}],"startTime":1777179443004,"endTime":1777179443029.8567,"status":"passed","message":"","name":"C:/Work/md-todo/implementation/__tests__/application/iteration-mode.test.ts"},{"assertionResults":[{"ancestorTitles":["list-tasks"],"fullName":"list-tasks returns 3 when no markdown files match source","status":"passed","title":"returns 3 when no markdown files match source","duration":4.996700000000033,"failureMessages":[],"meta":{}},{"ancestorTitles":["list-tasks"],"fullName":"list-tasks emits unchecked tasks and computes blocked state","status":"passed","title":"emits unchecked tasks and computes blocked state","duration":19.960900000000038,"failureMessages":[],"meta":{}},{"ancestorTitles":["list-tasks"],"fullName":"list-tasks includes checked tasks when includeAll is enabled","status":"passed","title":"includes checked tasks when includeAll is enabled","duration":2.7977999999999383,"failureMessages":[],"meta":{}},{"ancestorTitles":["list-tasks"],"fullName":"list-tasks emits no tasks found when parsed result is empty","status":"passed","title":"emits no tasks found when parsed result is empty","duration":1.9986000000000104,"failureMessages":[],"meta":{}},{"ancestorTitles":["list-tasks"],"fullName":"list-tasks uses mtime when birthtime is unavailable for created sorting","status":"passed","title":"uses mtime when birthtime is unavailable for created sorting","duration":3.419399999999996,"failureMessages":[],"meta":{}},{"ancestorTitles":["list-tasks"],"fullName":"list-tasks uses birthtime when available for created sorting","status":"passed","title":"uses birthtime when available for created sorting","duration":2.6756000000000313,"failureMessages":[],"meta":{}},{"ancestorTitles":["list-tasks"],"fullName":"list-tasks throws when file stats are missing during birthtime sorting","status":"passed","title":"throws when file stats are missing during birthtime sorting","duration":2.5499999999999545,"failureMessages":[],"meta":{}},{"ancestorTitles":["list-tasks"],"fullName":"list-tasks throws when neither birthtime nor mtime are available","status":"passed","title":"throws when neither birthtime nor mtime are available","duration":1.132099999999923,"failureMessages":[],"meta":{}}],"startTime":1777179441046,"endTime":1777179441086.132,"status":"passed","message":"","name":"C:/Work/md-todo/implementation/__tests__/application/list-tasks.test.ts"},{"assertionResults":[{"ancestorTitles":["localize-project"],"fullName":"localize-project fails gracefully before translation work when no worker is configured","status":"passed","title":"fails gracefully before translation work when no worker is configured","duration":10.75,"failureMessages":[],"meta":{}},{"ancestorTitles":["localize-project"],"fullName":"localize-project writes locale.json with translated messages block from worker output","status":"passed","title":"writes locale.json with translated messages block from worker output","duration":6.967300000000023,"failureMessages":[],"meta":{}}],"startTime":1777179446314,"endTime":1777179446331.9673,"status":"passed","message":"","name":"C:/Work/md-todo/implementation/__tests__/application/localize-project.test.ts"},{"assertionResults":[{"ancestorTitles":["log-runs"],"fullName":"log-runs shows completed runs in compact one-line format","status":"passed","title":"shows completed runs in compact one-line format","duration":9.21120000000002,"failureMessages":[],"meta":{}},{"ancestorTitles":["log-runs"],"fullName":"log-runs filters to revertable runs when --revertable is set","status":"passed","title":"filters to revertable runs when --revertable is set","duration":3.081399999999917,"failureMessages":[],"meta":{}},{"ancestorTitles":["log-runs"],"fullName":"log-runs falls back to startedAt for compact timestamp tokens when completedAt is missing","status":"passed","title":"falls back to startedAt for compact timestamp tokens when completedAt is missing","duration":1.5968000000000302,"failureMessages":[],"meta":{}},{"ancestorTitles":["log-runs"],"fullName":"log-runs applies command filter and limit","status":"passed","title":"applies command filter and limit","duration":2.102600000000052,"failureMessages":[],"meta":{}},{"ancestorTitles":["log-runs"],"fullName":"log-runs returns JSON entries when --json is set","status":"passed","title":"returns JSON entries when --json is set","duration":1.964800000000082,"failureMessages":[],"meta":{}},{"ancestorTitles":["log-runs"],"fullName":"log-runs handles relative timestamp edge cases","status":"passed","title":"handles relative timestamp edge cases","duration":1.8359000000000378,"failureMessages":[],"meta":{}},{"ancestorTitles":["log-runs"],"fullName":"log-runs keeps compact log line readable when timestamp is invalid","status":"passed","title":"keeps compact log line readable when timestamp is invalid","duration":1.0915999999999713,"failureMessages":[],"meta":{}},{"ancestorTitles":["log-runs"],"fullName":"log-runs renders compact absolute tokens with non-hour offsets deterministically","status":"passed","title":"renders compact absolute tokens with non-hour offsets deterministically","duration":1.4442000000000235,"failureMessages":[],"meta":{}},{"ancestorTitles":["log-runs"],"fullName":"log-runs generates compact short IDs and preserves run order","status":"passed","title":"generates compact short IDs and preserves run order","duration":1.4075000000000273,"failureMessages":[],"meta":{}},{"ancestorTitles":["log-runs"],"fullName":"log-runs includes only completed entries when statuses are mixed","status":"passed","title":"includes only completed entries when statuses are mixed","duration":1.3351999999999862,"failureMessages":[],"meta":{}},{"ancestorTitles":["log-runs"],"fullName":"log-runs prints info message when no runs match filters","status":"passed","title":"prints info message when no runs match filters","duration":0.8109000000000606,"failureMessages":[],"meta":{}}],"startTime":1777179444313,"endTime":1777179444339.8108,"status":"passed","message":"","name":"C:/Work/md-todo/implementation/__tests__/application/log-runs.test.ts"},{"assertionResults":[{"ancestorTitles":["manage-artifacts"],"fullName":"manage-artifacts rejects incompatible clean options","status":"passed","title":"rejects incompatible clean options","duration":6.598099999999988,"failureMessages":[],"meta":{}},{"ancestorTitles":["manage-artifacts"],"fullName":"manage-artifacts opens the latest saved run","status":"passed","title":"opens the latest saved run","duration":2.7110000000000127,"failureMessages":[],"meta":{}},{"ancestorTitles":["manage-artifacts"],"fullName":"manage-artifacts returns 3 when opening a missing run id","status":"passed","title":"returns 3 when opening a missing run id","duration":1.2799999999999727,"failureMessages":[],"meta":{}},{"ancestorTitles":["manage-artifacts"],"fullName":"manage-artifacts rejects open combined with json or failed filtering","status":"passed","title":"rejects open combined with json or failed filtering","duration":0.830600000000004,"failureMessages":[],"meta":{}},{"ancestorTitles":["manage-artifacts"],"fullName":"manage-artifacts opens a specific run id via find","status":"passed","title":"opens a specific run id via find","duration":1.4745000000000346,"failureMessages":[],"meta":{}},{"ancestorTitles":["manage-artifacts"],"fullName":"manage-artifacts cleans failed runs and reports when nothing was removed","status":"passed","title":"cleans failed runs and reports when nothing was removed","duration":1.1397999999999797,"failureMessages":[],"meta":{}},{"ancestorTitles":["manage-artifacts"],"fullName":"manage-artifacts cleans saved runs and reports the removed count","status":"passed","title":"cleans saved runs and reports the removed count","duration":0.9975000000000023,"failureMessages":[],"meta":{}},{"ancestorTitles":["manage-artifacts"],"fullName":"manage-artifacts prints saved runs as JSON","status":"passed","title":"prints saved runs as JSON","duration":1.1277000000000044,"failureMessages":[],"meta":{}},{"ancestorTitles":["manage-artifacts"],"fullName":"manage-artifacts reports when no saved runs exist","status":"passed","title":"reports when no sa
[...]
ter"],"fullName":"createJsonlTraceWriter flush is a no-op and does not throw","status":"passed","title":"flush is a no-op and does not throw","duration":5.950899999999933,"failureMessages":[],"meta":{}}],"startTime":1777179440569,"endTime":1777179440584.951,"status":"passed","message":"","name":"C:/Work/md-todo/implementation/__tests__/infrastructure/adapters/jsonl-trace-writer.test.ts"},{"assertionResults":[{"ancestorTitles":["createMemoryReaderAdapter"],"fullName":"createMemoryReaderAdapter reads source-local memory entries and index metadata","status":"passed","title":"reads source-local memory entries and index metadata","duration":10.414499999999975,"failureMessages":[],"meta":{}},{"ancestorTitles":["createMemoryReaderAdapter"],"fullName":"createMemoryReaderAdapter returns empty results when memory artifacts are missing or malformed","status":"passed","title":"returns empty results when memory artifacts are missing or malformed","duration":0.8279999999999745,"failureMessages":[],"meta":{}},{"ancestorTitles":["createMemoryReaderAdapter"],"fullName":"createMemoryReaderAdapter parses body entries using separators and trims entry whitespace","status":"passed","title":"parses body entries using separators and trims entry whitespace","duration":7.79830000000004,"failureMessages":[],"meta":{}},{"ancestorTitles":["createMemoryReaderAdapter"],"fullName":"createMemoryReaderAdapter returns empty entries for missing body and null for malformed index entry","status":"passed","title":"returns empty entries for missing body and null for malformed index entry","duration":4.690299999999979,"failureMessages":[],"meta":{}},{"ancestorTitles":["createMemoryReaderAdapter"],"fullName":"createMemoryReaderAdapter reads all memory files under nested source directories","status":"passed","title":"reads all memory files under nested source directories","duration":35.85579999999993,"failureMessages":[],"meta":{}}],"startTime":1777179438233,"endTime":1777179438292.8557,"status":"passed","message":"","name":"C:/Work/md-todo/implementation/__tests__/infrastructure/adapters/memory-reader-adapter.test.ts"},{"assertionResults":[{"ancestorTitles":["createMemoryResolverAdapter"],"fullName":"createMemoryResolverAdapter resolves deterministic memory metadata across relative, absolute, directory, and glob sources","status":"passed","title":"resolves deterministic memory metadata across relative, absolute, directory, and glob sources","duration":43.720500000000015,"failureMessages":[],"meta":{}},{"ancestorTitles":["createMemoryResolverAdapter"],"fullName":"createMemoryResolverAdapter keeps same-basename files in different directories collision-safe","status":"passed","title":"keeps same-basename files in different directories collision-safe","duration":11.08420000000001,"failureMessages":[],"meta":{}},{"ancestorTitles":["createMemoryResolverAdapter"],"fullName":"createMemoryResolverAdapter maps a relative source path to a source-local memory file path","status":"passed","title":"maps a relative source path to a source-local memory file path","duration":0.7930000000000064,"failureMessages":[],"meta":{}},{"ancestorTitles":["createMemoryResolverAdapter"],"fullName":"createMemoryResolverAdapter keeps source-basename identity for Windows-style paths","status":"passed","title":"keeps source-basename identity for Windows-style paths","duration":0.7996000000000549,"failureMessages":[],"meta":{}},{"ancestorTitles":["createMemoryResolverAdapter"],"fullName":"createMemoryResolverAdapter loads summary from source-local memory-index.json keyed by canonical source path","status":"passed","title":"loads summary from source-local memory-index.json keyed by canonical source path","duration":0.9625999999999522,"failureMessages":[],"meta":{}},{"ancestorTitles":["createMemoryResolverAdapter"],"fullName":"createMemoryResolverAdapter returns undefined summary when memory-index.json is malformed","status":"passed","title":"returns undefined summary when memory-index.json is malformed","duration":0.7291999999999916,"failureMessages":[],"meta":{}},{"ancestorTitles":["createMemoryResolverAdapter"],"fullName":"createMemoryResolverAdapter falls back when only memory-index.json exists","status":"passed","title":"falls back when only memory-index.json exists","duration":0.5739999999999554,"failureMessages":[],"meta":{}},{"ancestorTitles":["createMemoryResolverAdapter"],"fullName":"createMemoryResolverAdapter does not throw when exists checks fail","status":"passed","title":"does not throw when exists checks fail","duration":0.5797000000000025,"failureMessages":[],"meta":{}},{"ancestorTitles":["createMemoryResolverAdapter"],"fullName":"createMemoryResolverAdapter does not create .rundown directories during read-only lookup","status":"passed","title":"does not create .rundown directories during read-only lookup","duration":0.5940000000000509,"failureMessages":[],"meta":{}}],"startTime":1777179436719,"endTime":1777179436779.594,"status":"passed","message":"","name":"C:/Work/md-todo/implementation/__tests__/infrastructure/adapters/memory-resolver-adapter.test.ts"},{"assertionResults":[{"ancestorTitles":["createMemoryWriterAdapter"],"fullName":"createMemoryWriterAdapter writes source-local memory body and memory index keyed by canonical source path","status":"passed","title":"writes source-local memory body and memory index keyed by canonical source path","duration":15.2192,"failureMessages":[],"meta":{}},{"ancestorTitles":["createMemoryWriterAdapter"],"fullName":"createMemoryWriterAdapter composes index entry metadata with deterministic summary, lastPrefix, and incremented entryCount","status":"passed","title":"composes index entry metadata with deterministic summary, lastPrefix, and incremented entryCount","duration":8.082299999999975,"failureMessages":[],"meta":{}},{"ancestorTitles":["createMemoryWriterAdapter"],"fullName":"createMemoryWriterAdapter populates origin metadata when origin task input is provided","status":"passed","title":"populates origin metadata when origin task input is provided","duration":11.203700000000026,"failureMessages":[],"meta":{}},{"ancestorTitles":["createMemoryWriterAdapter"],"fullName":"createMemoryWriterAdapter normalizes origin metadata by trimming task text and flooring line numbers","status":"passed","title":"normalizes origin metadata by trimming task text and flooring line numbers","duration":4.40319999999997,"failureMessages":[],"meta":{}},{"ancestorTitles":["createMemoryWriterAdapter"],"fullName":"createMemoryWriterAdapter does not write origin metadata when origin task input is invalid","status":"passed","title":"does not write origin metadata when origin task input is invalid","duration":6.581000000000017,"failureMessages":[],"meta":{}},{"ancestorTitles":["createMemoryWriterAdapter"],"fullName":"createMemoryWriterAdapter replaces prior origin metadata when a new valid origin task is provided","status":"passed","title":"replaces prior origin metadata when a new valid origin task is provided","duration":5.819099999999935,"failureMessages":[],"meta":{}},{"ancestorTitles":["createMemoryWriterAdapter"],"fullName":"createMemoryWriterAdapter keeps prior origin metadata when provided origin task is invalid","status":"passed","title":"keeps prior origin metadata when provided origin task is invalid","duration":5.2041000000000395,"failureMessages":[],"meta":{}},{"ancestorTitles":["createMemoryWriterAdapter"],"fullName":"createMemoryWriterAdapter preserves existing origin metadata when current write has no origin task","status":"passed","title":"preserves existing origin metadata when current write has no origin task","duration":5.800199999999904,"failureMessages":[],"meta":{}},{"ancestorTitles":["createMemoryWriterAdapter"],"fullName":"createMemoryWriterAdapter appends new memory entries without destroying existing memory body","status":"passed","title":"appends new memory entries without destroying existing memory body","duration":5.05639999999994,"failureMessages":[],"meta":{}},{"ancestorTitles":["createMemoryWriterAdapter"],"fullName":"createMemoryWriterAdapter returns warning and rebuilds index when memory-index.json is malformed","status":"passed","title":"returns warning and rebuilds index when memory-index.json is malformed","duration":5.677199999999971,"failureMessages":[],"meta":{}},{"ancestorTitles":["createMemoryWriterAdapter"],"fullName":"createMemoryWriterAdapter fails when memory body write cannot be performed","status":"passed","title":"fails when memory body write cannot be performed","duration":4.862699999999904,"failureMessages":[],"meta":{}},{"ancestorTitles":["createMemoryWriterAdapter"],"fullName":"createMemoryWriterAdapter fails with partial-write warning when memory index update fails after body write","status":"passed","title":"fails with partial-write warning when memory index update fails after body write","duration":9.999000000000024,"failureMessages":[],"meta":{}},{"ancestorTitles":["createMemoryWriterAdapter"],"fullName":"createMemoryWriterAdapter fails when worker output is empty","status":"passed","title":"fails when worker output is empty","duration":1.9142000000000507,"failureMessages":[],"meta":{}},{"ancestorTitles":["createMemoryWriterAdapter"],"fullName":"createMemoryWriterAdapter creates the .rundown directory lazily only when writes require it","status":"passed","title":"creates the .rundown directory lazily only when writes require it","duration":15.436900000000037,"failureMessages":[],"meta":{}},{"ancestorTitles":["createMemoryWriterAdapter"],"fullName":"createMemoryWriterAdapter writes memory index via atomic temp-file replace","status":"passed","title":"writes memory index via atomic temp-file replace","duration":4.7070999999999685,"failureMessages":[],"meta":{}},{"ancestorTitles":["createMemoryWriterAdapter"],"fullName":"createMemoryWriterAdapter creates missing body while preserving existing index entries","status":"passed","title":"creates missing body while preserving existing index entries","duration":5.973600000000033,"failureMessages":[],"meta":{}},{"ancestorTitles":["createMemoryWriterAdapter"],"fullName":"createMemoryWriterAdapter creates missing index while appending to existing body","status":"passed","title":"creates missing index while appending to existing body","duration":6.145599999999945,"failureMessages":[],"meta":{}},{"ancestorTitles":["createMemoryWriterAdapter"],"fullName":"createMemoryWriterAdapter keys index entries by canonical absolute source path when called with a relative path","status":"passed","title":"keys index entries by canonical absolute source path when called with a relative path","duration":14.005300000000034,"failureMessages":[],"meta":{}},{"ancestorTitles":["createMemoryWriterAdapter"],"fullName":"createMemoryWriterAdapter handles source rename by writing new source-local memory artifacts without dropping prior index entries","status":"passed","title":"handles source rename by writing new source-local memory artifacts without dropping prior index entries","duration":9.491300000000024,"failureMessages":[],"meta":{}},{"ancestorTitles":["createMemoryWriterAdapter"],"fullName":"createMemoryWriterAdapter keeps same-basename files in different directories isolated","status":"passed","title":"keeps same-basename files in different directories isolated","duration":20.805799999999977,"failureMessages":[],"meta":{}},{"ancestorTitles":["createMemoryWriterAdapter"],"fullName":"createMemoryWriterAdapter persists large worker output and truncates summary to index limits","status":"passed","title":"persists large worker output and truncates summary to index limits","duration":18.721200000000067,"failureMessages":[],"meta":{}}],"startTime":1777179433639,"endTime":1777179433824.7212,"status":"passed","message":"","name":"C:/Work/md-todo/implementation/__tests__/infrastructure/adapters/memory-writer-adapter.test.ts"},{"assertionResults":[{"ancestorTitles":["createMigrationAdapter"],"fullName":"createMigrationAdapter detects isApplied from migration checkbox state","status":"passed","title":"detects isApplied from migration checkbox state","duration":25.620699999999943,"failureMessages":[],"meta":{}},{"ancestorTitles":["createMigrationAdapter"],"fullName":"createMigrationAdapter groups migrations and satellites correctly from mixed directory contents","status":"passed","title":"groups migrations and satellites correctly from mixed directory contents","duration":12.844299999999976,"failureMessages":[],"meta":{}}],"startTime":1777179440811,"endTime":1777179440849.8442,"status":"passed","message":"","name":"C:/Work/md-todo/implementation/__tests__/infrastructure/adapters/migration-adapter.test.ts"},{"assertionResults":[{"ancestorTitles":["createNoopTraceWriter"],"fullName":"createNoopTraceWriter exposes write and flush methods","status":"passed","title":"exposes write and flush methods","duration":2.3851999999999975,"failureMessages":[],"meta":{}},{"ancestorTitles":["createNoopTraceWriter"],"fullName":"createNoopTraceWriter write and flush do not throw","status":"passed","title":"write and flush do not throw","duration":1.702099999999973,"failureMessages":[],"meta":{}}],"startTime":1777179451894,"endTime":1777179451898.7021,"status":"passed","message":"","name":"C:/Work/md-todo/implementation/__tests__/infrastructure/adapters/noop-trace-writer.test.ts"},{"assertionResults":[{"ancestorTitles":["infrastructure adapters"],"fullName":"infrastructure adapters source resolver adapter delegates to resolveSources","status":"passed","title":"source resolver adapter delegates to resolveSources","duration":4.279999999999973,"failureMessages":[],"meta":{}},{"ancestorTitles":["infrastructure adapters"],"fullName":"infrastructure adapters task selector adapter delegates to selector functions","status":"passed","title":"task selector adapter delegates to selector functions","duration":1.2798999999999978,"failureMessages":[],"meta":{}},{"ancestorTitles":["infrastructure adapters"],"fullName":"infrastructure adapters worker executor adapter maps runWorker options","status":"passed","title":"worker executor adapter maps runWorker options","duration":1.8400000000000318,"failureMessages":[],"meta":{}},{"ancestorTitles":["infrastructure adapters"],"fullName":"infrastructure adapters worker executor adapter maps executeInlineCli options","status":"passed","title":"worker executor adapter maps executeInlineCli options","duration":0.6462999999999965,"failureMessages":[],"meta":{}},{"ancestorTitles":["infrastructure adapters"],"fullName":"infrastructure adapters task verification adapter delegates to verify","status":"passed","title":"task verification adapter delegates to verify","duration":3.1970000000000027,"failureMessages":[],"meta":{}},{"ancestorTitles":["infrastructure adapters"],"fullName":"infrastructure adapters task repair adapter delegates to repair","status":"passed","title":"task repair adapter delegates to repair","duration":1.231899999999996,"failureMessages":[],"meta":{}},{"ancestorTitles":["infrastructure adapters"],"fullName":"infrastructure adapters working directory adapter returns process cwd","status":"passed","title":"working directory adapter returns process cwd","duration":0.8244000000000824,"failureMessages":[],"meta":{}}],"startTime":1777179447946,"endTime":1777179447959.8245,"status":"passed","message":"","name":"C:/Work/md-todo/implementation/__tests__/infrastructure/adapters/ports-adapters.test.ts"},{"assertionResults":[{"ancestorTitles":["createSystemClock"],"fullName":"createSystemClock returns a Date from now","status":"passed","title":"returns a Date from now","duration":2.474999999999966,"failureMessages":[],"meta":{}},{"ancestorTitles":["createSystemClock"],"fullName":"createSystemClock returns ISO timestamp from nowIsoString","status":"passed","title":"returns ISO timestamp from nowIsoString","duration":1.360400000000027,"failureMessages":[],"meta":{}}],"startTime":1777179451872,"endTime":1777179451875.3604,"status":"passed","message":"","name":"C:/Work/md-todo/implementation/__tests__/infrastructure/adapters/system-clock.test.ts"},{"assertionResults":[{"ancestorTitles":["createToolResolverAdapter"],"fullName":"createToolResolverAdapter returns undefined when config directory is unavailable","status":"passed","title":"returns undefined when config directory is unavailable","duration":3.2572000000000116,"failureMessages":[],"meta":{}},{"ancestorTitles":["createToolResolverAdapter"],"fullName":"createToolResolverAdapter resolves and loads a matching tool template from .rundown/tools","status":"passed","title":"resolves and loads a matching tool template from .rundown/tools","duration":6.633200000000102,"failureMessages":[],"meta":{}},{"ancestorTitles":["createToolResolverAdapter"],"fullName":"createToolResolverAdapter parses valid tool frontmatter with typed fields","status":"passed","title":"parses valid tool frontmatter with typed fields","duration":3.8962999999999965,"failureMessages":[],"meta":{}},{"ancestorTitles":["createToolResolverAdapter"],"fullName":"createToolResolverAdapter fails predictably for malformed frontmatter and returns a failing handler","status":"passed","title":"fails predictably for malformed frontmatter and returns a failing handler","duration":4.513299999999958,"failureMessages":[],"meta":{}},{"ancestorTitles":["createToolResolverAdapter"],"fullName":"createToolResolverAdapter does not resolve unknown tool names","status":"passed","title":"does not resolve unknown tool names","duration":3.6072999999998956,"failureMessages":[],"meta":{}},{"ancestorTitles":["createToolResolverAdapter"],"fullName":"createToolResolverAdapter enumerates built-in and project tool names for boundary detection","status":"passed","title":"enumerates built-in and project tool names for boundary detection","duration":6.915300000000002,"failureMessages":[],"meta":{}},{"ancestorTitles":["createToolResolverAdapter"],"fullName":"createToolResolverAdapter resolves tools using configured toolDirs in order","status":"passed","title":"resolves tools using configured toolDirs in order","duration":7.324800000000096,"failureMessages":[],"meta":{}},{"ancestorTitles":["createToolResolverAdapter"],"fullName":"createToolResolverAdapter lists tool names from configured toolDirs","status":"passed","title":"lists tool names from configured toolDirs","duration":5.658500000000004,"failureMessages":[],"meta":{}},{"ancestorTitles":["createToolResolverAdapter"],"fullName":"createToolResolverAdapter resolves question as a dynamic built-in handler","status":"passed","title":"resolves question as a dynamic built-in handler","duration":8.836500000000001,"failureMessages":[],"meta":{}},{"ancestorTitles":["createToolResolverAdapter"],"fullName":"createToolResolverAdapter applies config.json tools override over .md frontmatter defaults","status":"passed","title":"applies config.json tools override over .md frontmatter defaults","duration":4.632100000000037,"failureMessages":[],"meta":{}},{"ancestorTitles":["createToolResolverAdapter"],"fullName":"createToolResolverAdapter returns undefined when tools directory cannot be read","status":"passed","title":"returns undefined when tools directory cannot be read","duration":1.2343000000000757,"failureMessages":[],"meta":{}},{"ancestorTitles":["createToolResolverAdapter"],"fullName":"createToolResolverAdapter returns undefined when template file exists but cannot be read","status":"passed","title":"returns undefined when template file exists but cannot be read","duration":3.3312000000000808,"failureMessages":[],"meta":{}},{"ancestorTitles":["createToolResolverAdapter"],"fullName":"createToolResolverAdapter trims incoming tool name before resolution","status":"passed","title":"trims incoming tool name before resolution","duration":3.992900000000077,"failureMessages":[],"meta":{}}],"startTime":1777179436958,"endTime":1777179437021.993,"status":"passed","message":"","name":"C:/Work/md-todo/implementation/__tests__/infrastructure/adapters/tool-resolver-adapter.test.ts"}]}